<?xml version="1.0" encoding="utf-8"?>
<shfbBuild product="Sandcastle Help File Builder and Tools" version="2023.7.8.0" projectFile="E:\workfiles\MbcsUtils_Documentation\MbcsUtils_Documentation.shfbproj" started="12/2/2023 6:22:22 AM">
<buildStep step="Initializing">
The Sandcastle tools are located in &#39;E:\Program Files (x86)\EWSoftware\Sandcastle Help File Builder&#39;
Locating components in the following folder(s):
    E:\workfiles\MbcsUtils_Documentation
    C:\ProgramData\EWSoftware\Sandcastle Help File Builder\Components and Plug-Ins
    E:\Program Files (x86)\EWSoftware\Sandcastle Help File Builder\Components
Using framework reflection data for &#39;.NET Framework 4.7.2&#39; located in &#39;E:\Program Files (x86)\EWSoftware\Sandcastle Help File Builder\Data\.NETFramework&#39;
Using presentation style &#39;Default2022&#39; located in &#39;E:\Program Files (x86)\EWSoftware\Sandcastle Help File Builder\Components\Default2022&#39;
Loading and initializing plug-ins...
Website Table of Contents Generator Version 2023.7.8.0
Copyright &#169; 2006-2023, Eric Woodruff, All Rights Reserved
-------------------------------
Clearing any prior web/markdown output...
</buildStep>
<buildStep step="ValidatingDocumentationSources">
Validating and copying documentation source information
Source: E:\workfiles\MbcsUtils\MbcsUtils\MbcsUtils.vbproj
    Found project &#39;E:\workfiles\MbcsUtils\MbcsUtils\MbcsUtils.vbproj&#39;

Parsing project files
    Found assembly &#39;E:\workfiles\MbcsUtils\MbcsUtils\bin\Debug\MbcsUtils.dll&#39; (.NETFramework 4.8)
SHFB: Warning BE0007: A project with a different or higher framework version was found.  Changing project FrameworkVersion property from &#39;.NET Framework 4.7.2&#39; to &#39;.NET Framework 4.8&#39; for the build.

References to include:
    MbcsUtils

Copying XML comments files
    E:\workfiles\MbcsUtils\MbcsUtils\bin\Debug\MbcsUtils.xml -&gt; E:\workfiles\MbcsUtils_Documentation\Help\Working\MbcsUtils.xml
</buildStep>
<buildStep step="GenerateSharedContent">
Generating shared content files (en-US, English (United States))...
    Last step completed in 00:00:00.0100
</buildStep>
<buildStep step="GenerateApiFilter">
Generating API filter for MRefBuilder...
    Last step completed in 00:00:00.0060
</buildStep>
<buildStep step="GenerateReflectionInfo">
Generating reflection information...
[C:\Program Files\Microsoft Visual Studio\2022\Community\MSBuild\Current\Bin\amd64\MSBuild.exe - GenerateRefInfo-845423f5-0c1f-4023-8296-4a96ddf11eb5.proj]
Build started 12/2/2023 6:22:23 AM.

Project &quot;E:\workfiles\MbcsUtils_Documentation\Help\Working\GenerateRefInfo-845423f5-0c1f-4023-8296-4a96ddf11eb5.proj&quot; on node 1 (default targets).
PrepareForBuild:
  Creating directory &quot;obj\Debug\&quot;.
GenerateRefInfo:
  Microsoft.Build (v17.7.2+d6990bcfaf520c0d215a194fad0617f7efad68b4)
  c Microsoft Corporation. All rights reserved.
  No source code context base path specified.  Source context information is unavailable.
  Loaded 1 assemblies for reflection and 2 dependency assemblies.
  Wrote information on 1 namespaces, 6 types, and 65 members
  Merging duplicate type and member information
  Merged 0 duplicate type(s) and 0 duplicate member(s)
Done Building Project &quot;E:\workfiles\MbcsUtils_Documentation\Help\Working\GenerateRefInfo-845423f5-0c1f-4023-8296-4a96ddf11eb5.proj&quot; (default targets).
    Last step completed in 00:00:00.4144
</buildStep>
<buildStep step="ApplyDocumentModel">
Applying document model to reflection output...
    Last step completed in 00:00:00.0092
</buildStep>
<buildStep step="AddApiTopicFilenames">
Adding topic filenames to API members...
    Last step completed in 00:00:00.0110
</buildStep>
<buildStep step="GenerateApiTopicManifest">
Generating API topic manifest...
    Last step completed in 00:00:00.0110
</buildStep>
<buildStep step="GenerateNamespaceSummaries">
Generating namespace summary information...
    Last step completed in 00:00:00.0171
</buildStep>
<buildStep step="CopyAdditionalContent">
Copying additional content files...
No additional content to copy
    Last step completed in 00:00:00.0010
</buildStep>
<buildStep step="MergeTablesOfContents">
Merging conceptual and additional tables of contents...
    Last step completed in 00:00:00.0000
</buildStep>
<buildStep step="GenerateIntermediateTableOfContents">
Generating intermediate table of contents file for API content...
Generating conceptual content intermediate TOC file...
    Last step completed in 00:00:00.0113
</buildStep>
<buildStep step="CreateBuildAssemblerConfigs">
Creating Sandcastle configuration files...
    Last step completed in 00:00:00.4648
</buildStep>
<buildStep step="CombiningIntermediateTocFiles">
Combining conceptual and API intermediate TOC files...
    Last step completed in 00:00:00.0044
</buildStep>
<buildStep step="MergeCustomConfigs">
Merging custom build component configurations
E:\workfiles\MbcsUtils_Documentation\Help\Working\BuildAssembler.config
  Updating reference topic configurations.
  No conceptual content.  Removing conceptual content components.
    Last step completed in 00:00:00.0106
</buildStep>
<buildStep step="BuildTopics">
Building help topics...
<plugIn name="Website Table of Contents Generator" behavior="Before" priority="1000">
Loading TOC info and adding unique IDs to parent nodes
</plugIn>Loading configuration...
Processing topics...
SHFB: Warning BE0066: ShowMissingComponent: [N:MbcsUtils] Missing &lt;summary&gt; documentation
SHFB: Warning BE0066: ShowMissingComponent: [M:MbcsUtils.DictUtils.#ctor(System.String,System.Collections.Generic.Dictionary{System.String,System.String})] Missing &lt;param name=&quot;fileName&quot;/&gt; documentation
SHFB: Warning BE0066: ShowMissingComponent: [M:MbcsUtils.DictUtils.#ctor(System.String,System.Collections.Generic.Dictionary{System.String,System.String})] Missing &lt;param name=&quot;dict&quot;/&gt; documentation
SHFB: Warning BE0066: ShowMissingComponent: [M:MbcsUtils.DictUtils.getItemsByPattern(System.String)] Missing &lt;param name=&quot;pattern&quot;/&gt; documentation
SHFB: Warning BE0066: ShowMissingComponent: [P:MbcsUtils.LogClass.AzureConnectionKey] Missing &lt;summary&gt; documentation
SHFB: Warning BE0066: ShowMissingComponent: [P:MbcsUtils.LogClass.Client] Missing &lt;summary&gt; documentation
SHFB: Warning BE0066: ShowMissingComponent: [P:MbcsUtils.LogClass.EventLog] Missing &lt;summary&gt; documentation
SHFB: Warning BE0066: ShowMissingComponent: [P:MbcsUtils.LogClass.EventSource] Missing &lt;summary&gt; documentation
SHFB: Warning BE0066: ShowMissingComponent: [T:MbcsUtils.Parameters] Missing &lt;summary&gt; documentation
SHFB: Warning BE0066: ShowMissingComponent: [M:MbcsUtils.Parameters.#ctor(System.String)] Missing &lt;param name=&quot;filename&quot;/&gt; documentation
SHFB: Warning BE0066: ShowMissingComponent: [M:MbcsUtils.Parameters.#ctor(System.String,System.Collections.Generic.Dictionary{System.String,System.String})] Missing &lt;param name=&quot;filename&quot;/&gt; documentation
SHFB: Warning BE0066: ShowMissingComponent: [M:MbcsUtils.Parameters.#ctor(System.String,System.Collections.Generic.Dictionary{System.String,System.String})] Missing &lt;param name=&quot;dict&quot;/&gt; documentation
SHFB: Warning BE0066: ShowMissingComponent: [M:MbcsUtils.Parameters.addItem(System.String)] Missing &lt;summary&gt; documentation
SHFB: Warning BE0066: ShowMissingComponent: [M:MbcsUtils.Parameters.addItem(System.String)] Missing &lt;param name=&quot;itm&quot;/&gt; documentation
SHFB: Warning BE0066: ShowMissingComponent: [P:MbcsUtils.Parameters.Filename] Missing &lt;summary&gt; documentation
SHFB: Warning BE0066: ShowMissingComponent: [M:MbcsUtils.Parameters.GetInt(System.String)] Missing &lt;returns&gt; documentation
SHFB: Warning BE0066: ShowMissingComponent: [M:MbcsUtils.Parameters.GetInt(System.String)] Missing &lt;param name=&quot;key&quot;/&gt; documentation
SHFB: Warning BE0066: ShowMissingComponent: [M:MbcsUtils.Parameters.getItem(System.String,System.Object@)] Missing &lt;summary&gt; documentation
SHFB: Warning BE0066: ShowMissingComponent: [M:MbcsUtils.Parameters.getItem(System.String,System.Object@)] Missing &lt;param name=&quot;key&quot;/&gt; documentation
SHFB: Warning BE0066: ShowMissingComponent: [M:MbcsUtils.Parameters.getItem(System.String,System.Object@)] Missing &lt;param name=&quot;itm&quot;/&gt; documentation
SHFB: Warning BE0066: ShowMissingComponent: [M:MbcsUtils.Parameters.getParam(System.String)] Missing &lt;summary&gt; documentation
SHFB: Warning BE0066: ShowMissingComponent: [M:MbcsUtils.Parameters.getParam(System.String)] Missing &lt;returns&gt; documentation
SHFB: Warning BE0066: ShowMissingComponent: [M:MbcsUtils.Parameters.getParam(System.String)] Missing &lt;param name=&quot;key&quot;/&gt; documentation
SHFB: Warning BE0066: ShowMissingComponent: [M:MbcsUtils.Parameters.GetString(System.String)] Missing &lt;summary&gt; documentation
SHFB: Warning BE0066: ShowMissingComponent: [M:MbcsUtils.Parameters.GetString(System.String)] Missing &lt;returns&gt; documentation
SHFB: Warning BE0066: ShowMissingComponent: [M:MbcsUtils.Parameters.GetString(System.String)] Missing &lt;param name=&quot;key&quot;/&gt; documentation
SHFB: Warning BE0066: ShowMissingComponent: [M:MbcsUtils.Parameters.GetStrings(System.String)] Missing &lt;summary&gt; documentation
SHFB: Warning BE0066: ShowMissingComponent: [M:MbcsUtils.Parameters.GetStrings(System.String)] Missing &lt;returns&gt; documentation
SHFB: Warning BE0066: ShowMissingComponent: [M:MbcsUtils.Parameters.GetStrings(System.String)] Missing &lt;param name=&quot;pattern&quot;/&gt; documentation
SHFB: Warning BE0066: ShowMissingComponent: [M:MbcsUtils.Parameters.removeItem(System.String)] Missing &lt;summary&gt; documentation
SHFB: Warning BE0066: ShowMissingComponent: [M:MbcsUtils.Parameters.removeItem(System.String)] Missing &lt;param name=&quot;key&quot;/&gt; documentation
SHFB: Warning BE0066: ShowMissingComponent: [M:MbcsUtils.Parameters.removeItemStartsWith(System.String)] Missing &lt;summary&gt; documentation
SHFB: Warning BE0066: ShowMissingComponent: [M:MbcsUtils.Parameters.removeItemStartsWith(System.String)] Missing &lt;param name=&quot;key&quot;/&gt; documentation
SHFB: Warning BE0066: ShowMissingComponent: [P:MbcsUtils.Parameters.SessionOnly] Missing &lt;summary&gt; documentation
SHFB: Warning BE0066: ShowMissingComponent: [M:MbcsUtils.Parameters.setConfigs] Missing &lt;returns&gt; documentation
SHFB: Warning BE0066: ShowMissingComponent: [M:MbcsUtils.Parameters.setItem(System.String,System.String)] Missing &lt;summary&gt; documentation
SHFB: Warning BE0066: ShowMissingComponent: [M:MbcsUtils.Parameters.setItem(System.String,System.String)] Missing &lt;param name=&quot;key&quot;/&gt; documentation
SHFB: Warning BE0066: ShowMissingComponent: [M:MbcsUtils.Parameters.setItem(System.String,System.String)] Missing &lt;param name=&quot;value&quot;/&gt; documentation
SHFB: Warning BE0066: ShowMissingComponent: [M:MbcsUtils.Parameters.setParam(System.String,System.Object)] Missing &lt;summary&gt; documentation
SHFB: Warning BE0066: ShowMissingComponent: [M:MbcsUtils.Parameters.setParam(System.String,System.Object)] Missing &lt;param name=&quot;key&quot;/&gt; documentation
SHFB: Warning BE0066: ShowMissingComponent: [M:MbcsUtils.Parameters.setParam(System.String,System.Object)] Missing &lt;param name=&quot;value&quot;/&gt; documentation
SHFB: Warning BE0066: ShowMissingComponent: [T:MbcsUtils.sessionItem] Missing &lt;summary&gt; documentation
SHFB: Warning BE0066: ShowMissingComponent: [M:MbcsUtils.sessionItem.#ctor(System.String,System.Object)] Missing &lt;param name=&quot;key&quot;/&gt; documentation
SHFB: Warning BE0066: ShowMissingComponent: [M:MbcsUtils.sessionItem.#ctor(System.String,System.Object)] Missing &lt;param name=&quot;value&quot;/&gt; documentation
SHFB: Warning BE0066: ShowMissingComponent: [M:MbcsUtils.sessionItem.getKey] Missing &lt;summary&gt; documentation
SHFB: Warning BE0066: ShowMissingComponent: [M:MbcsUtils.sessionItem.getKey] Missing &lt;returns&gt; documentation
SHFB: Warning BE0066: ShowMissingComponent: [M:MbcsUtils.sessionItem.getValue] Missing &lt;summary&gt; documentation
SHFB: Warning BE0066: ShowMissingComponent: [M:MbcsUtils.sessionItem.getValue] Missing &lt;returns&gt; documentation
Processed 78 topic(s)
48 warning(s)
CopyFromIndexComponent: &quot;reflection&quot; in-memory cache entries used: 6 of 15.
CopyFromIndexComponent: &quot;comments&quot; in-memory cache entries used: 2 of 30.
<plugIn name="Website Table of Contents Generator" behavior="After" priority="1000">
Generating TOC fragment files
</plugIn>    Last step completed in 00:00:15.5864
</buildStep>
<buildStep step="CopyStandardHelpContent">
Copying standard help content...
E:\Program Files (x86)\EWSoftware\Sandcastle Help File Builder\Components\Default2022\css\bulma.css -&gt; E:\workfiles\MbcsUtils_Documentation\Help\Working\Output\Website\css\bulma.css
E:\Program Files (x86)\EWSoftware\Sandcastle Help File Builder\Components\Default2022\css\bulma.css.map -&gt; E:\workfiles\MbcsUtils_Documentation\Help\Working\Output\Website\css\bulma.css.map
E:\Program Files (x86)\EWSoftware\Sandcastle Help File Builder\Components\Default2022\css\bulma.min.css -&gt; E:\workfiles\MbcsUtils_Documentation\Help\Working\Output\Website\css\bulma.min.css
E:\Program Files (x86)\EWSoftware\Sandcastle Help File Builder\Components\Default2022\css\font-awesome.css -&gt; E:\workfiles\MbcsUtils_Documentation\Help\Working\Output\Website\css\font-awesome.css
E:\Program Files (x86)\EWSoftware\Sandcastle Help File Builder\Components\Default2022\css\font-awesome.min.css -&gt; E:\workfiles\MbcsUtils_Documentation\Help\Working\Output\Website\css\font-awesome.min.css
E:\Program Files (x86)\EWSoftware\Sandcastle Help File Builder\Components\Default2022\css\ja-JP.css -&gt; E:\workfiles\MbcsUtils_Documentation\Help\Working\Output\Website\css\ja-JP.css
E:\Program Files (x86)\EWSoftware\Sandcastle Help File Builder\Components\Default2022\css\ko-KR.css -&gt; E:\workfiles\MbcsUtils_Documentation\Help\Working\Output\Website\css\ko-KR.css
E:\Program Files (x86)\EWSoftware\Sandcastle Help File Builder\Components\Default2022\css\presentationStyle.css -&gt; E:\workfiles\MbcsUtils_Documentation\Help\Working\Output\Website\css\presentationStyle.css
E:\Program Files (x86)\EWSoftware\Sandcastle Help File Builder\Components\Default2022\css\vs.min.css -&gt; E:\workfiles\MbcsUtils_Documentation\Help\Working\Output\Website\css\vs.min.css
E:\Program Files (x86)\EWSoftware\Sandcastle Help File Builder\Components\Default2022\css\zh-CN.css -&gt; E:\workfiles\MbcsUtils_Documentation\Help\Working\Output\Website\css\zh-CN.css
E:\Program Files (x86)\EWSoftware\Sandcastle Help File Builder\Components\Default2022\css\zh-TW.css -&gt; E:\workfiles\MbcsUtils_Documentation\Help\Working\Output\Website\css\zh-TW.css
E:\Program Files (x86)\EWSoftware\Sandcastle Help File Builder\Components\Default2022\icons\favicon.ico -&gt; E:\workfiles\MbcsUtils_Documentation\Help\Working\Output\Website\icons\favicon.ico
E:\Program Files (x86)\EWSoftware\Sandcastle Help File Builder\Components\Default2022\scripts\clipboard.min.js -&gt; E:\workfiles\MbcsUtils_Documentation\Help\Working\Output\Website\scripts\clipboard.min.js
E:\Program Files (x86)\EWSoftware\Sandcastle Help File Builder\Components\Default2022\scripts\highlight.min.js -&gt; E:\workfiles\MbcsUtils_Documentation\Help\Working\Output\Website\scripts\highlight.min.js
E:\Program Files (x86)\EWSoftware\Sandcastle Help File Builder\Components\Default2022\scripts\jquery-3.5.1.min.js -&gt; E:\workfiles\MbcsUtils_Documentation\Help\Working\Output\Website\scripts\jquery-3.5.1.min.js
E:\Program Files (x86)\EWSoftware\Sandcastle Help File Builder\Components\Default2022\scripts\presentationStyle.js -&gt; E:\workfiles\MbcsUtils_Documentation\Help\Working\Output\Website\scripts\presentationStyle.js
E:\Program Files (x86)\EWSoftware\Sandcastle Help File Builder\Components\Default2022\webfonts\fa-brands-400.ttf -&gt; E:\workfiles\MbcsUtils_Documentation\Help\Working\Output\Website\webfonts\fa-brands-400.ttf
E:\Program Files (x86)\EWSoftware\Sandcastle Help File Builder\Components\Default2022\webfonts\fa-brands-400.woff2 -&gt; E:\workfiles\MbcsUtils_Documentation\Help\Working\Output\Website\webfonts\fa-brands-400.woff2
E:\Program Files (x86)\EWSoftware\Sandcastle Help File Builder\Components\Default2022\webfonts\fa-regular-400.ttf -&gt; E:\workfiles\MbcsUtils_Documentation\Help\Working\Output\Website\webfonts\fa-regular-400.ttf
E:\Program Files (x86)\EWSoftware\Sandcastle Help File Builder\Components\Default2022\webfonts\fa-regular-400.woff2 -&gt; E:\workfiles\MbcsUtils_Documentation\Help\Working\Output\Website\webfonts\fa-regular-400.woff2
E:\Program Files (x86)\EWSoftware\Sandcastle Help File Builder\Components\Default2022\webfonts\fa-solid-900.ttf -&gt; E:\workfiles\MbcsUtils_Documentation\Help\Working\Output\Website\webfonts\fa-solid-900.ttf
E:\Program Files (x86)\EWSoftware\Sandcastle Help File Builder\Components\Default2022\webfonts\fa-solid-900.woff2 -&gt; E:\workfiles\MbcsUtils_Documentation\Help\Working\Output\Website\webfonts\fa-solid-900.woff2
E:\Program Files (x86)\EWSoftware\Sandcastle Help File Builder\Components\Default2022\webfonts\fa-v4compatibility.ttf -&gt; E:\workfiles\MbcsUtils_Documentation\Help\Working\Output\Website\webfonts\fa-v4compatibility.ttf
E:\Program Files (x86)\EWSoftware\Sandcastle Help File Builder\Components\Default2022\webfonts\fa-v4compatibility.woff2 -&gt; E:\workfiles\MbcsUtils_Documentation\Help\Working\Output\Website\webfonts\fa-v4compatibility.woff2
E:\Program Files (x86)\EWSoftware\Sandcastle Help File Builder\Components\Default2022\RootWebsiteContent\GeneralError.html -&gt; E:\workfiles\MbcsUtils_Documentation\Help\Working\Output\Website\GeneralError.html
E:\Program Files (x86)\EWSoftware\Sandcastle Help File Builder\Components\Default2022\RootWebsiteContent\index.html -&gt; E:\workfiles\MbcsUtils_Documentation\Help\Working\Output\Website\index.html
E:\Program Files (x86)\EWSoftware\Sandcastle Help File Builder\Components\Default2022\RootWebsiteContent\PageNotFound.html -&gt; E:\workfiles\MbcsUtils_Documentation\Help\Working\Output\Website\PageNotFound.html
E:\Program Files (x86)\EWSoftware\Sandcastle Help File Builder\Components\Default2022\RootWebsiteContent\search.html -&gt; E:\workfiles\MbcsUtils_Documentation\Help\Working\Output\Website\search.html
E:\Program Files (x86)\EWSoftware\Sandcastle Help File Builder\Components\Default2022\RootWebsiteContent\SearchHelp.aspx -&gt; E:\workfiles\MbcsUtils_Documentation\Help\Working\Output\Website\SearchHelp.aspx
E:\Program Files (x86)\EWSoftware\Sandcastle Help File Builder\Components\Default2022\RootWebsiteContent\SearchHelp.inc.php -&gt; E:\workfiles\MbcsUtils_Documentation\Help\Working\Output\Website\SearchHelp.inc.php
E:\Program Files (x86)\EWSoftware\Sandcastle Help File Builder\Components\Default2022\RootWebsiteContent\SearchHelp.php -&gt; E:\workfiles\MbcsUtils_Documentation\Help\Working\Output\Website\SearchHelp.php
E:\Program Files (x86)\EWSoftware\Sandcastle Help File Builder\Components\Default2022\RootWebsiteContent\Web.Config -&gt; E:\workfiles\MbcsUtils_Documentation\Help\Working\Output\Website\Web.Config
    Last step completed in 00:00:00.7485
</buildStep>
<buildStep step="GenerateFullTextIndex">
Generating full-text index for the website...

    Last step completed in 00:00:00.1454
</buildStep>
<buildStep step="CopyingWebsiteFiles">
Copying website files to output folder...

Copied 152 files for the website content
    Last step completed in 00:00:00.0763
</buildStep>
<buildStep step="CleanIntermediates">
Removing intermediate files...
    Last step completed in 00:00:00.0064
</buildStep>
<buildStep step="Completed">

Build completed successfully at 12/2/2023 6:22:40 AM.  Total time: 00:00:17.7893

</buildStep>
</shfbBuild>
